{"/Users/aghiadmonier/Desktop/RNMultiCountry/MultiCountryReg/src/core/utils.ts": {"path":"/Users/aghiadmonier/Desktop/RNMultiCountry/MultiCountryReg/src/core/utils.ts","statementMap":{"0":{"start":{"line":4,"column":32},"end":{"line":7,"column":1}},"1":{"start":{"line":5,"column":16},"end":{"line":5,"column":35}},"2":{"start":{"line":6,"column":4},"end":{"line":6,"column":17}}},"fnMap":{"0":{"name":"(anonymous_0)","decl":{"start":{"line":4,"column":32},"end":{"line":4,"column":33}},"loc":{"start":{"line":4,"column":55},"end":{"line":7,"column":1}},"line":4}},"branchMap":{},"s":{"0":0,"1":0,"2":0},"f":{"0":0},"b":{}}
,"/Users/aghiadmonier/Desktop/RNMultiCountry/MultiCountryReg/src/core/components/index.tsx": {"path":"/Users/aghiadmonier/Desktop/RNMultiCountry/MultiCountryReg/src/core/components/index.tsx","statementMap":{},"fnMap":{},"branchMap":{},"s":{},"f":{},"b":{},"_coverageSchema":"1a1c01bbd47fc00a2c39e90264f33305004495a9","hash":"3cdac49a690a40e051041b39e103923425bd29a4"}
,"/Users/aghiadmonier/Desktop/RNMultiCountry/MultiCountryReg/src/core/components/Text/index.tsx": {"path":"/Users/aghiadmonier/Desktop/RNMultiCountry/MultiCountryReg/src/core/components/Text/index.tsx","statementMap":{"0":{"start":{"line":4,"column":13},"end":{"line":11,"column":1}},"1":{"start":{"line":5,"column":37},"end":{"line":5,"column":42}},"2":{"start":{"line":6,"column":2},"end":{"line":10,"column":4}}},"fnMap":{"0":{"name":"(anonymous_0)","decl":{"start":{"line":4,"column":13},"end":{"line":4,"column":14}},"loc":{"start":{"line":4,"column":42},"end":{"line":11,"column":1}},"line":4}},"branchMap":{},"s":{"0":1,"1":4,"2":4},"f":{"0":4},"b":{},"_coverageSchema":"1a1c01bbd47fc00a2c39e90264f33305004495a9","hash":"6af28ccd0952244a24b204a2d5771b14f1177990"}
,"/Users/aghiadmonier/Desktop/RNMultiCountry/MultiCountryReg/src/core/components/alert/Test.tsx": {"path":"/Users/aghiadmonier/Desktop/RNMultiCountry/MultiCountryReg/src/core/components/alert/Test.tsx","statementMap":{"0":{"start":{"line":7,"column":13},"end":{"line":44,"column":1}},"1":{"start":{"line":8,"column":74},"end":{"line":8,"column":79}},"2":{"start":{"line":9,"column":2},"end":{"line":9,"column":38}},"3":{"start":{"line":10,"column":14},"end":{"line":10,"column":30}},"4":{"start":{"line":11,"column":21},"end":{"line":11,"column":44}},"5":{"start":{"line":11,"column":27},"end":{"line":11,"column":44}},"6":{"start":{"line":13,"column":2},"end":{"line":43,"column":4}},"7":{"start":{"line":48,"column":15},"end":{"line":52,"column":2}}},"fnMap":{"0":{"name":"(anonymous_0)","decl":{"start":{"line":7,"column":13},"end":{"line":7,"column":14}},"loc":{"start":{"line":7,"column":29},"end":{"line":44,"column":1}},"line":7},"1":{"name":"(anonymous_1)","decl":{"start":{"line":11,"column":21},"end":{"line":11,"column":22}},"loc":{"start":{"line":11,"column":27},"end":{"line":11,"column":44}},"line":11}},"branchMap":{"0":{"loc":{"start":{"line":15,"column":7},"end":{"line":41,"column":7}},"type":"binary-expr","locations":[{"start":{"line":15,"column":7},"end":{"line":15,"column":14}},{"start":{"line":16,"column":8},"end":{"line":40,"column":16}}],"line":15},"1":{"loc":{"start":{"line":17,"column":11},"end":{"line":23,"column":11}},"type":"binary-expr","locations":[{"start":{"line":17,"column":11},"end":{"line":17,"column":23}},{"start":{"line":18,"column":12},"end":{"line":22,"column":29}}],"line":17},"2":{"loc":{"start":{"line":28,"column":23},"end":{"line":28,"column":65}},"type":"cond-expr","locations":[{"start":{"line":28,"column":39},"end":{"line":28,"column":52}},{"start":{"line":28,"column":55},"end":{"line":28,"column":65}}],"line":28},"3":{"loc":{"start":{"line":31,"column":13},"end":{"line":38,"column":13}},"type":"binary-expr","locations":[{"start":{"line":31,"column":13},"end":{"line":31,"column":24}},{"start":{"line":32,"column":14},"end":{"line":37,"column":23}}],"line":31}},"s":{"0":0,"1":0,"2":0,"3":0,"4":0,"5":0,"6":0,"7":0},"f":{"0":0,"1":0},"b":{"0":[0,0],"1":[0,0],"2":[0,0],"3":[0,0]}}
,"/Users/aghiadmonier/Desktop/RNMultiCountry/MultiCountryReg/src/core/components/alert/index.tsx": {"path":"/Users/aghiadmonier/Desktop/RNMultiCountry/MultiCountryReg/src/core/components/alert/index.tsx","statementMap":{"0":{"start":{"line":7,"column":14},"end":{"line":59,"column":1}},"1":{"start":{"line":8,"column":74},"end":{"line":8,"column":79}},"2":{"start":{"line":9,"column":14},"end":{"line":9,"column":30}},"3":{"start":{"line":10,"column":21},"end":{"line":10,"column":44}},"4":{"start":{"line":10,"column":27},"end":{"line":10,"column":44}},"5":{"start":{"line":11,"column":16},"end":{"line":11,"column":26}},"6":{"start":{"line":12,"column":17},"end":{"line":12,"column":33}},"7":{"start":{"line":14,"column":2},"end":{"line":58,"column":4}},"8":{"start":{"line":63,"column":18},"end":{"line":112,"column":4}},"9":{"start":{"line":64,"column":2},"end":{"line":112,"column":4}}},"fnMap":{"0":{"name":"(anonymous_0)","decl":{"start":{"line":7,"column":14},"end":{"line":7,"column":15}},"loc":{"start":{"line":7,"column":30},"end":{"line":59,"column":1}},"line":7},"1":{"name":"(anonymous_1)","decl":{"start":{"line":10,"column":21},"end":{"line":10,"column":22}},"loc":{"start":{"line":10,"column":27},"end":{"line":10,"column":44}},"line":10},"2":{"name":"(anonymous_2)","decl":{"start":{"line":63,"column":18},"end":{"line":63,"column":19}},"loc":{"start":{"line":64,"column":2},"end":{"line":112,"column":4}},"line":64}},"branchMap":{"0":{"loc":{"start":{"line":15,"column":4},"end":{"line":57,"column":5}},"type":"binary-expr","locations":[{"start":{"line":15,"column":4},"end":{"line":15,"column":11}},{"start":{"line":16,"column":6},"end":{"line":56,"column":14}}],"line":15},"1":{"loc":{"start":{"line":24,"column":13},"end":{"line":53,"column":13}},"type":"binary-expr","locations":[{"start":{"line":24,"column":13},"end":{"line":24,"column":25}},{"start":{"line":25,"column":14},"end":{"line":52,"column":26}}],"line":24},"2":{"loc":{"start":{"line":37,"column":19},"end":{"line":44,"column":19}},"type":"binary-expr","locations":[{"start":{"line":37,"column":19},"end":{"line":37,"column":30}},{"start":{"line":38,"column":20},"end":{"line":43,"column":32}}],"line":37},"3":{"loc":{"start":{"line":47,"column":29},"end":{"line":47,"column":71}},"type":"cond-expr","locations":[{"start":{"line":47,"column":45},"end":{"line":47,"column":58}},{"start":{"line":47,"column":61},"end":{"line":47,"column":71}}],"line":47}},"s":{"0":1,"1":0,"2":0,"3":0,"4":0,"5":0,"6":0,"7":0,"8":1,"9":0},"f":{"0":0,"1":0,"2":0},"b":{"0":[0,0],"1":[0,0],"2":[0,0],"3":[0,0]},"_coverageSchema":"1a1c01bbd47fc00a2c39e90264f33305004495a9","hash":"102c040675720ee854d5f14d0590f06e27b9bb6c"}
,"/Users/aghiadmonier/Desktop/RNMultiCountry/MultiCountryReg/src/core/components/button/index.tsx": {"path":"/Users/aghiadmonier/Desktop/RNMultiCountry/MultiCountryReg/src/core/components/button/index.tsx","statementMap":{"0":{"start":{"line":7,"column":15},"end":{"line":42,"column":1}},"1":{"start":{"line":16,"column":6},"end":{"line":16,"column":11}},"2":{"start":{"line":17,"column":16},"end":{"line":17,"column":26}},"3":{"start":{"line":18,"column":17},"end":{"line":18,"column":33}},"4":{"start":{"line":20,"column":2},"end":{"line":41,"column":4}},"5":{"start":{"line":46,"column":18},"end":{"line":71,"column":4}},"6":{"start":{"line":47,"column":2},"end":{"line":71,"column":4}}},"fnMap":{"0":{"name":"(anonymous_0)","decl":{"start":{"line":7,"column":15},"end":{"line":7,"column":16}},"loc":{"start":{"line":7,"column":39},"end":{"line":42,"column":1}},"line":7},"1":{"name":"(anonymous_1)","decl":{"start":{"line":11,"column":14},"end":{"line":11,"column":15}},"loc":{"start":{"line":11,"column":20},"end":{"line":11,"column":22}},"line":11},"2":{"name":"(anonymous_2)","decl":{"start":{"line":46,"column":18},"end":{"line":46,"column":19}},"loc":{"start":{"line":47,"column":2},"end":{"line":71,"column":4}},"line":47}},"branchMap":{"0":{"loc":{"start":{"line":10,"column":4},"end":{"line":10,"column":31}},"type":"default-arg","locations":[{"start":{"line":10,"column":11},"end":{"line":10,"column":31}}],"line":10},"1":{"loc":{"start":{"line":11,"column":4},"end":{"line":11,"column":22}},"type":"default-arg","locations":[{"start":{"line":11,"column":14},"end":{"line":11,"column":22}}],"line":11},"2":{"loc":{"start":{"line":12,"column":4},"end":{"line":12,"column":14}},"type":"default-arg","locations":[{"start":{"line":12,"column":12},"end":{"line":12,"column":14}}],"line":12},"3":{"loc":{"start":{"line":20,"column":9},"end":{"line":41,"column":3}},"type":"cond-expr","locations":[{"start":{"line":21,"column":4},"end":{"line":25,"column":23}},{"start":{"line":27,"column":4},"end":{"line":40,"column":16}}],"line":20},"4":{"loc":{"start":{"line":35,"column":9},"end":{"line":35,"column":83}},"type":"binary-expr","locations":[{"start":{"line":35,"column":9},"end":{"line":35,"column":16}},{"start":{"line":35,"column":20},"end":{"line":35,"column":83}}],"line":35}},"s":{"0":1,"1":4,"2":4,"3":4,"4":4,"5":1,"6":4},"f":{"0":4,"1":0,"2":4},"b":{"0":[4],"1":[0],"2":[4],"3":[0,4],"4":[4,0]},"_coverageSchema":"1a1c01bbd47fc00a2c39e90264f33305004495a9","hash":"e66484950495a91206c790841c4c3443cd50a644"}
,"/Users/aghiadmonier/Desktop/RNMultiCountry/MultiCountryReg/src/core/components/container/index.tsx": {"path":"/Users/aghiadmonier/Desktop/RNMultiCountry/MultiCountryReg/src/core/components/container/index.tsx","statementMap":{"0":{"start":{"line":4,"column":18},"end":{"line":7,"column":1}},"1":{"start":{"line":5,"column":38},"end":{"line":5,"column":43}},"2":{"start":{"line":6,"column":2},"end":{"line":6,"column":65}}},"fnMap":{"0":{"name":"(anonymous_0)","decl":{"start":{"line":4,"column":18},"end":{"line":4,"column":19}},"loc":{"start":{"line":4,"column":34},"end":{"line":7,"column":1}},"line":4}},"branchMap":{},"s":{"0":1,"1":12,"2":12},"f":{"0":12},"b":{},"_coverageSchema":"1a1c01bbd47fc00a2c39e90264f33305004495a9","hash":"1c386dc80eeac7f800d12f1b88e06215a68884d3"}
,"/Users/aghiadmonier/Desktop/RNMultiCountry/MultiCountryReg/src/core/components/countryPicker/index.tsx": {"path":"/Users/aghiadmonier/Desktop/RNMultiCountry/MultiCountryReg/src/core/components/countryPicker/index.tsx","statementMap":{"0":{"start":{"line":8,"column":15},"end":{"line":17,"column":2}},"1":{"start":{"line":19,"column":27},"end":{"line":42,"column":1}},"2":{"start":{"line":20,"column":40},"end":{"line":20,"column":45}},"3":{"start":{"line":21,"column":14},"end":{"line":21,"column":30}},"4":{"start":{"line":23,"column":19},"end":{"line":25,"column":3}},"5":{"start":{"line":24,"column":4},"end":{"line":24,"column":33}},"6":{"start":{"line":27,"column":2},"end":{"line":41,"column":4}}},"fnMap":{"0":{"name":"(anonymous_0)","decl":{"start":{"line":19,"column":27},"end":{"line":19,"column":28}},"loc":{"start":{"line":19,"column":43},"end":{"line":42,"column":1}},"line":19},"1":{"name":"(anonymous_1)","decl":{"start":{"line":23,"column":19},"end":{"line":23,"column":20}},"loc":{"start":{"line":23,"column":30},"end":{"line":25,"column":3}},"line":23}},"branchMap":{},"s":{"0":1,"1":1,"2":0,"3":0,"4":0,"5":0,"6":0},"f":{"0":0,"1":0},"b":{},"_coverageSchema":"1a1c01bbd47fc00a2c39e90264f33305004495a9","hash":"ea751daf4462f31565c444ebf6c45996fd8ffd99"}
,"/Users/aghiadmonier/Desktop/RNMultiCountry/MultiCountryReg/src/core/components/header/index.tsx": {"path":"/Users/aghiadmonier/Desktop/RNMultiCountry/MultiCountryReg/src/core/components/header/index.tsx","statementMap":{"0":{"start":{"line":10,"column":15},"end":{"line":29,"column":1}},"1":{"start":{"line":11,"column":27},"end":{"line":11,"column":32}},"2":{"start":{"line":12,"column":16},"end":{"line":12,"column":26}},"3":{"start":{"line":13,"column":14},"end":{"line":13,"column":30}},"4":{"start":{"line":15,"column":17},"end":{"line":15,"column":33}},"5":{"start":{"line":16,"column":2},"end":{"line":28,"column":4}},"6":{"start":{"line":33,"column":18},"end":{"line":46,"column":4}},"7":{"start":{"line":34,"column":2},"end":{"line":46,"column":4}}},"fnMap":{"0":{"name":"(anonymous_0)","decl":{"start":{"line":10,"column":15},"end":{"line":10,"column":16}},"loc":{"start":{"line":10,"column":31},"end":{"line":29,"column":1}},"line":10},"1":{"name":"(anonymous_1)","decl":{"start":{"line":33,"column":18},"end":{"line":33,"column":19}},"loc":{"start":{"line":34,"column":2},"end":{"line":46,"column":4}},"line":34}},"branchMap":{},"s":{"0":1,"1":0,"2":0,"3":0,"4":0,"5":0,"6":1,"7":0},"f":{"0":0,"1":0},"b":{},"_coverageSchema":"1a1c01bbd47fc00a2c39e90264f33305004495a9","hash":"b0c3086252826af86ae43a74b30d4ecdbcc2011f"}
,"/Users/aghiadmonier/Desktop/RNMultiCountry/MultiCountryReg/src/core/components/languagePicker/index.tsx": {"path":"/Users/aghiadmonier/Desktop/RNMultiCountry/MultiCountryReg/src/core/components/languagePicker/index.tsx","statementMap":{"0":{"start":{"line":5,"column":23},"end":{"line":21,"column":1}},"1":{"start":{"line":6,"column":49},"end":{"line":6,"column":54}},"2":{"start":{"line":8,"column":36},"end":{"line":8,"column":64}},"3":{"start":{"line":10,"column":2},"end":{"line":20,"column":4}}},"fnMap":{"0":{"name":"(anonymous_0)","decl":{"start":{"line":5,"column":23},"end":{"line":5,"column":24}},"loc":{"start":{"line":5,"column":39},"end":{"line":21,"column":1}},"line":5}},"branchMap":{},"s":{"0":1,"1":0,"2":0,"3":0},"f":{"0":0},"b":{},"_coverageSchema":"1a1c01bbd47fc00a2c39e90264f33305004495a9","hash":"ffcf02b46d1ed058dff709208b3fde7d14635f13"}
,"/Users/aghiadmonier/Desktop/RNMultiCountry/MultiCountryReg/src/core/components/loader/index.tsx": {"path":"/Users/aghiadmonier/Desktop/RNMultiCountry/MultiCountryReg/src/core/components/loader/index.tsx","statementMap":{"0":{"start":{"line":4,"column":15},"end":{"line":8,"column":1}},"1":{"start":{"line":5,"column":2},"end":{"line":7,"column":9}},"2":{"start":{"line":10,"column":15},"end":{"line":20,"column":2}}},"fnMap":{"0":{"name":"(anonymous_0)","decl":{"start":{"line":4,"column":15},"end":{"line":4,"column":16}},"loc":{"start":{"line":5,"column":2},"end":{"line":7,"column":9}},"line":5}},"branchMap":{},"s":{"0":1,"1":0,"2":1},"f":{"0":0},"b":{},"_coverageSchema":"1a1c01bbd47fc00a2c39e90264f33305004495a9","hash":"ba2385353ce5f45a372297b2552faad17cf44ce3"}
,"/Users/aghiadmonier/Desktop/RNMultiCountry/MultiCountryReg/src/core/components/textInput/index.tsx": {"path":"/Users/aghiadmonier/Desktop/RNMultiCountry/MultiCountryReg/src/core/components/textInput/index.tsx","statementMap":{"0":{"start":{"line":8,"column":18},"end":{"line":48,"column":1}},"1":{"start":{"line":20,"column":6},"end":{"line":20,"column":11}},"2":{"start":{"line":21,"column":16},"end":{"line":21,"column":26}},"3":{"start":{"line":23,"column":2},"end":{"line":47,"column":4}},"4":{"start":{"line":28,"column":8},"end":{"line":44,"column":20}},"5":{"start":{"line":35,"column":14},"end":{"line":35,"column":34}},"6":{"start":{"line":36,"column":14},"end":{"line":36,"column":29}}},"fnMap":{"0":{"name":"(anonymous_0)","decl":{"start":{"line":8,"column":18},"end":{"line":8,"column":19}},"loc":{"start":{"line":8,"column":45},"end":{"line":48,"column":1}},"line":8},"1":{"name":"(anonymous_1)","decl":{"start":{"line":27,"column":14},"end":{"line":27,"column":15}},"loc":{"start":{"line":28,"column":8},"end":{"line":44,"column":20}},"line":28},"2":{"name":"(anonymous_2)","decl":{"start":{"line":34,"column":27},"end":{"line":34,"column":28}},"loc":{"start":{"line":34,"column":36},"end":{"line":37,"column":13}},"line":34}},"branchMap":{"0":{"loc":{"start":{"line":10,"column":4},"end":{"line":10,"column":20}},"type":"default-arg","locations":[{"start":{"line":10,"column":18},"end":{"line":10,"column":20}}],"line":10},"1":{"loc":{"start":{"line":11,"column":4},"end":{"line":11,"column":14}},"type":"default-arg","locations":[{"start":{"line":11,"column":12},"end":{"line":11,"column":14}}],"line":11},"2":{"loc":{"start":{"line":12,"column":4},"end":{"line":12,"column":26}},"type":"default-arg","locations":[{"start":{"line":12,"column":21},"end":{"line":12,"column":26}}],"line":12},"3":{"loc":{"start":{"line":13,"column":4},"end":{"line":13,"column":27}},"type":"default-arg","locations":[{"start":{"line":13,"column":22},"end":{"line":13,"column":27}}],"line":13}},"s":{"0":0,"1":0,"2":0,"3":0,"4":0,"5":0,"6":0},"f":{"0":0,"1":0,"2":0},"b":{"0":[0],"1":[0],"2":[0],"3":[0]}}
,"/Users/aghiadmonier/Desktop/RNMultiCountry/MultiCountryReg/src/core/hooks/index.ts": {"path":"/Users/aghiadmonier/Desktop/RNMultiCountry/MultiCountryReg/src/core/hooks/index.ts","statementMap":{},"fnMap":{},"branchMap":{},"s":{},"f":{},"b":{}}
,"/Users/aghiadmonier/Desktop/RNMultiCountry/MultiCountryReg/src/core/hooks/useTranslation.ts": {"path":"/Users/aghiadmonier/Desktop/RNMultiCountry/MultiCountryReg/src/core/hooks/useTranslation.ts","statementMap":{"0":{"start":{"line":4,"column":23},"end":{"line":12,"column":1}},"1":{"start":{"line":5,"column":20},"end":{"line":5,"column":47}},"2":{"start":{"line":7,"column":25},"end":{"line":9,"column":3}},"3":{"start":{"line":8,"column":4},"end":{"line":8,"column":30}},"4":{"start":{"line":11,"column":2},"end":{"line":11,"column":29}}},"fnMap":{"0":{"name":"(anonymous_0)","decl":{"start":{"line":4,"column":23},"end":{"line":4,"column":24}},"loc":{"start":{"line":4,"column":29},"end":{"line":12,"column":1}},"line":4},"1":{"name":"(anonymous_1)","decl":{"start":{"line":7,"column":25},"end":{"line":7,"column":26}},"loc":{"start":{"line":7,"column":49},"end":{"line":9,"column":3}},"line":7}},"branchMap":{},"s":{"0":0,"1":0,"2":0,"3":0,"4":0},"f":{"0":0,"1":0},"b":{}}
,"/Users/aghiadmonier/Desktop/RNMultiCountry/MultiCountryReg/src/core/languages/index.ts": {"path":"/Users/aghiadmonier/Desktop/RNMultiCountry/MultiCountryReg/src/core/languages/index.ts","statementMap":{"0":{"start":{"line":1,"column":25},"end":{"line":6,"column":1}}},"fnMap":{},"branchMap":{},"s":{"0":1},"f":{},"b":{},"_coverageSchema":"1a1c01bbd47fc00a2c39e90264f33305004495a9","hash":"1bd220439d7a819f1c2a06b3497bdb32751aea8c"}
,"/Users/aghiadmonier/Desktop/RNMultiCountry/MultiCountryReg/src/core/network/asyncStorage.ts": {"path":"/Users/aghiadmonier/Desktop/RNMultiCountry/MultiCountryReg/src/core/network/asyncStorage.ts","statementMap":{"0":{"start":{"line":3,"column":29},"end":{"line":14,"column":1}},"1":{"start":{"line":4,"column":2},"end":{"line":13,"column":3}},"2":{"start":{"line":5,"column":18},"end":{"line":5,"column":49}},"3":{"start":{"line":6,"column":4},"end":{"line":8,"column":5}},"4":{"start":{"line":7,"column":6},"end":{"line":7,"column":19}},"5":{"start":{"line":11,"column":4},"end":{"line":11,"column":36}},"6":{"start":{"line":12,"column":4},"end":{"line":12,"column":16}},"7":{"start":{"line":16,"column":26},"end":{"line":23,"column":1}},"8":{"start":{"line":17,"column":2},"end":{"line":22,"column":3}},"9":{"start":{"line":18,"column":4},"end":{"line":18,"column":49}},"10":{"start":{"line":21,"column":4},"end":{"line":21,"column":49}},"11":{"start":{"line":25,"column":35},"end":{"line":33,"column":1}},"12":{"start":{"line":26,"column":4},"end":{"line":32,"column":5}},"13":{"start":{"line":27,"column":24},"end":{"line":27,"column":57}},"14":{"start":{"line":28,"column":6},"end":{"line":28,"column":61}},"15":{"start":{"line":31,"column":6},"end":{"line":31,"column":32}},"16":{"start":{"line":35,"column":32},"end":{"line":42,"column":1}},"17":{"start":{"line":36,"column":4},"end":{"line":41,"column":5}},"18":{"start":{"line":37,"column":24},"end":{"line":37,"column":45}},"19":{"start":{"line":38,"column":6},"end":{"line":38,"column":50}}},"fnMap":{"0":{"name":"(anonymous_0)","decl":{"start":{"line":3,"column":29},"end":{"line":3,"column":30}},"loc":{"start":{"line":3,"column":52},"end":{"line":14,"column":1}},"line":3},"1":{"name":"(anonymous_1)","decl":{"start":{"line":16,"column":26},"end":{"line":16,"column":27}},"loc":{"start":{"line":16,"column":64},"end":{"line":23,"column":1}},"line":16},"2":{"name":"(anonymous_2)","decl":{"start":{"line":25,"column":35},"end":{"line":25,"column":36}},"loc":{"start":{"line":25,"column":58},"end":{"line":33,"column":1}},"line":25},"3":{"name":"(anonymous_3)","decl":{"start":{"line":35,"column":32},"end":{"line":35,"column":33}},"loc":{"start":{"line":35,"column":57},"end":{"line":42,"column":1}},"line":35}},"branchMap":{"0":{"loc":{"start":{"line":6,"column":4},"end":{"line":8,"column":5}},"type":"if","locations":[{"start":{"line":6,"column":4},"end":{"line":8,"column":5}},{"start":{},"end":{}}],"line":6},"1":{"loc":{"start":{"line":28,"column":13},"end":{"line":28,"column":61}},"type":"cond-expr","locations":[{"start":{"line":28,"column":33},"end":{"line":28,"column":54}},{"start":{"line":28,"column":57},"end":{"line":28,"column":61}}],"line":28}},"s":{"0":0,"1":0,"2":0,"3":0,"4":0,"5":0,"6":0,"7":0,"8":0,"9":0,"10":0,"11":0,"12":0,"13":0,"14":0,"15":0,"16":0,"17":0,"18":0,"19":0},"f":{"0":0,"1":0,"2":0,"3":0},"b":{"0":[0,0],"1":[0,0]}}
,"/Users/aghiadmonier/Desktop/RNMultiCountry/MultiCountryReg/src/core/network/firebase.ts": {"path":"/Users/aghiadmonier/Desktop/RNMultiCountry/MultiCountryReg/src/core/network/firebase.ts","statementMap":{"0":{"start":{"line":5,"column":28},"end":{"line":42,"column":1}},"1":{"start":{"line":6,"column":31},"end":{"line":6,"column":39}},"2":{"start":{"line":7,"column":2},"end":{"line":7,"column":40}},"3":{"start":{"line":8,"column":16},"end":{"line":8,"column":39}},"4":{"start":{"line":11,"column":2},"end":{"line":41,"column":7}},"5":{"start":{"line":14,"column":6},"end":{"line":18,"column":8}},"6":{"start":{"line":21,"column":6},"end":{"line":21,"column":31}},"7":{"start":{"line":22,"column":6},"end":{"line":40,"column":7}},"8":{"start":{"line":23,"column":8},"end":{"line":27,"column":10}},"9":{"start":{"line":28,"column":13},"end":{"line":40,"column":7}},"10":{"start":{"line":29,"column":8},"end":{"line":33,"column":10}},"11":{"start":{"line":35,"column":8},"end":{"line":39,"column":10}},"12":{"start":{"line":45,"column":25},"end":{"line":79,"column":1}},"13":{"start":{"line":46,"column":31},"end":{"line":46,"column":39}},"14":{"start":{"line":47,"column":16},"end":{"line":47,"column":39}},"15":{"start":{"line":50,"column":2},"end":{"line":78,"column":7}},"16":{"start":{"line":53,"column":6},"end":{"line":55,"column":8}},"17":{"start":{"line":58,"column":6},"end":{"line":58,"column":33}},"18":{"start":{"line":59,"column":6},"end":{"line":77,"column":7}},"19":{"start":{"line":60,"column":8},"end":{"line":64,"column":10}},"20":{"start":{"line":65,"column":13},"end":{"line":77,"column":7}},"21":{"start":{"line":66,"column":8},"end":{"line":70,"column":10}},"22":{"start":{"line":72,"column":8},"end":{"line":76,"column":10}}},"fnMap":{"0":{"name":"(anonymous_0)","decl":{"start":{"line":5,"column":28},"end":{"line":5,"column":29}},"loc":{"start":{"line":5,"column":77},"end":{"line":42,"column":1}},"line":5},"1":{"name":"(anonymous_1)","decl":{"start":{"line":13,"column":10},"end":{"line":13,"column":11}},"loc":{"start":{"line":13,"column":16},"end":{"line":19,"column":5}},"line":13},"2":{"name":"(anonymous_2)","decl":{"start":{"line":20,"column":11},"end":{"line":20,"column":12}},"loc":{"start":{"line":20,"column":20},"end":{"line":41,"column":5}},"line":20},"3":{"name":"(anonymous_3)","decl":{"start":{"line":45,"column":25},"end":{"line":45,"column":26}},"loc":{"start":{"line":45,"column":74},"end":{"line":79,"column":1}},"line":45},"4":{"name":"(anonymous_4)","decl":{"start":{"line":52,"column":10},"end":{"line":52,"column":11}},"loc":{"start":{"line":52,"column":24},"end":{"line":56,"column":5}},"line":52},"5":{"name":"(anonymous_5)","decl":{"start":{"line":57,"column":11},"end":{"line":57,"column":12}},"loc":{"start":{"line":57,"column":20},"end":{"line":78,"column":5}},"line":57}},"branchMap":{"0":{"loc":{"start":{"line":22,"column":6},"end":{"line":40,"column":7}},"type":"if","locations":[{"start":{"line":22,"column":6},"end":{"line":40,"column":7}},{"start":{"line":28,"column":13},"end":{"line":40,"column":7}}],"line":22},"1":{"loc":{"start":{"line":28,"column":13},"end":{"line":40,"column":7}},"type":"if","locations":[{"start":{"line":28,"column":13},"end":{"line":40,"column":7}},{"start":{"line":34,"column":13},"end":{"line":40,"column":7}}],"line":28},"2":{"loc":{"start":{"line":59,"column":6},"end":{"line":77,"column":7}},"type":"if","locations":[{"start":{"line":59,"column":6},"end":{"line":77,"column":7}},{"start":{"line":65,"column":13},"end":{"line":77,"column":7}}],"line":59},"3":{"loc":{"start":{"line":65,"column":13},"end":{"line":77,"column":7}},"type":"if","locations":[{"start":{"line":65,"column":13},"end":{"line":77,"column":7}},{"start":{"line":71,"column":13},"end":{"line":77,"column":7}}],"line":65}},"s":{"0":1,"1":0,"2":0,"3":0,"4":0,"5":0,"6":0,"7":0,"8":0,"9":0,"10":0,"11":0,"12":1,"13":0,"14":0,"15":0,"16":0,"17":0,"18":0,"19":0,"20":0,"21":0,"22":0},"f":{"0":0,"1":0,"2":0,"3":0,"4":0,"5":0},"b":{"0":[0,0],"1":[0,0],"2":[0,0],"3":[0,0]},"_coverageSchema":"1a1c01bbd47fc00a2c39e90264f33305004495a9","hash":"5ebdc1ac39a49e1ff7ac931bcdecfad1382ed25b"}
,"/Users/aghiadmonier/Desktop/RNMultiCountry/MultiCountryReg/src/core/types/index.tsx": {"path":"/Users/aghiadmonier/Desktop/RNMultiCountry/MultiCountryReg/src/core/types/index.tsx","statementMap":{},"fnMap":{},"branchMap":{},"s":{},"f":{},"b":{},"_coverageSchema":"1a1c01bbd47fc00a2c39e90264f33305004495a9","hash":"a992c074a35183cd63bd98f2a139efb82a1453c7"}
,"/Users/aghiadmonier/Desktop/RNMultiCountry/MultiCountryReg/src/core/validations/index.ts": {"path":"/Users/aghiadmonier/Desktop/RNMultiCountry/MultiCountryReg/src/core/validations/index.ts","statementMap":{"0":{"start":{"line":5,"column":26},"end":{"line":8,"column":1}},"1":{"start":{"line":11,"column":35},"end":{"line":42,"column":2}},"2":{"start":{"line":11,"column":54},"end":{"line":42,"column":1}}},"fnMap":{"0":{"name":"(anonymous_0)","decl":{"start":{"line":11,"column":35},"end":{"line":11,"column":36}},"loc":{"start":{"line":11,"column":54},"end":{"line":42,"column":1}},"line":11}},"branchMap":{},"s":{"0":1,"1":1,"2":4},"f":{"0":4},"b":{},"_coverageSchema":"1a1c01bbd47fc00a2c39e90264f33305004495a9","hash":"0ee039d6d8d4654eae233fc7d729690b5b1351ac"}
,"/Users/aghiadmonier/Desktop/RNMultiCountry/MultiCountryReg/src/features/appNavigator/index.tsx": {"path":"/Users/aghiadmonier/Desktop/RNMultiCountry/MultiCountryReg/src/features/appNavigator/index.tsx","statementMap":{"0":{"start":{"line":10,"column":14},"end":{"line":10,"column":36}},"1":{"start":{"line":12,"column":23},"end":{"line":20,"column":1}},"2":{"start":{"line":13,"column":2},"end":{"line":19,"column":4}},"3":{"start":{"line":17,"column":39},"end":{"line":17,"column":63}},"4":{"start":{"line":22,"column":21},"end":{"line":42,"column":1}},"5":{"start":{"line":23,"column":2},"end":{"line":41,"column":4}}},"fnMap":{"0":{"name":"(anonymous_0)","decl":{"start":{"line":12,"column":23},"end":{"line":12,"column":24}},"loc":{"start":{"line":12,"column":29},"end":{"line":20,"column":1}},"line":12},"1":{"name":"(anonymous_1)","decl":{"start":{"line":17,"column":32},"end":{"line":17,"column":33}},"loc":{"start":{"line":17,"column":39},"end":{"line":17,"column":63}},"line":17},"2":{"name":"(anonymous_2)","decl":{"start":{"line":22,"column":21},"end":{"line":22,"column":22}},"loc":{"start":{"line":22,"column":27},"end":{"line":42,"column":1}},"line":22}},"branchMap":{},"s":{"0":0,"1":0,"2":0,"3":0,"4":0,"5":0},"f":{"0":0,"1":0,"2":0},"b":{}}
,"/Users/aghiadmonier/Desktop/RNMultiCountry/MultiCountryReg/src/features/appNavigator/routes.ts": {"path":"/Users/aghiadmonier/Desktop/RNMultiCountry/MultiCountryReg/src/features/appNavigator/routes.ts","statementMap":{"0":{"start":{"line":1,"column":36},"end":{"line":1,"column":59}},"1":{"start":{"line":2,"column":41},"end":{"line":2,"column":69}},"2":{"start":{"line":3,"column":34},"end":{"line":3,"column":55}},"3":{"start":{"line":4,"column":31},"end":{"line":4,"column":49}},"4":{"start":{"line":5,"column":25},"end":{"line":5,"column":37}}},"fnMap":{},"branchMap":{},"s":{"0":1,"1":1,"2":1,"3":1,"4":1},"f":{},"b":{},"_coverageSchema":"1a1c01bbd47fc00a2c39e90264f33305004495a9","hash":"abdbefaf45f3d59c76ec2eceb51b7337aa77df60"}
,"/Users/aghiadmonier/Desktop/RNMultiCountry/MultiCountryReg/src/features/postlogin/screens/Dashboard.tsx": {"path":"/Users/aghiadmonier/Desktop/RNMultiCountry/MultiCountryReg/src/features/postlogin/screens/Dashboard.tsx","statementMap":{"0":{"start":{"line":13,"column":18},"end":{"line":68,"column":1}},"1":{"start":{"line":14,"column":26},"end":{"line":14,"column":65}},"2":{"start":{"line":14,"column":47},"end":{"line":14,"column":64}},"3":{"start":{"line":15,"column":26},"end":{"line":15,"column":40}},"4":{"start":{"line":16,"column":14},"end":{"line":16,"column":30}},"5":{"start":{"line":17,"column":21},"end":{"line":17,"column":36}},"6":{"start":{"line":18,"column":42},"end":{"line":18,"column":57}},"7":{"start":{"line":19,"column":20},"end":{"line":19,"column":33}},"8":{"start":{"line":20,"column":17},"end":{"line":20,"column":31}},"9":{"start":{"line":21,"column":24},"end":{"line":21,"column":34}},"10":{"start":{"line":22,"column":21},"end":{"line":22,"column":36}},"11":{"start":{"line":24,"column":2},"end":{"line":24,"column":38}},"12":{"start":{"line":26,"column":3},"end":{"line":28,"column":9}},"13":{"start":{"line":27,"column":5},"end":{"line":27,"column":27}},"14":{"start":{"line":30,"column":3},"end":{"line":38,"column":4}},"15":{"start":{"line":32,"column":6},"end":{"line":36,"column":8}},"16":{"start":{"line":33,"column":8},"end":{"line":33,"column":28}},"17":{"start":{"line":33,"column":22},"end":{"line":33,"column":28}},"18":{"start":{"line":35,"column":8},"end":{"line":35,"column":27}},"19":{"start":{"line":41,"column":24},"end":{"line":46,"column":3}},"20":{"start":{"line":42,"column":4},"end":{"line":42,"column":43}},"21":{"start":{"line":43,"column":4},"end":{"line":45,"column":55}},"22":{"start":{"line":45,"column":18},"end":{"line":45,"column":53}},"23":{"start":{"line":48,"column":20},"end":{"line":50,"column":3}},"24":{"start":{"line":49,"column":5},"end":{"line":49,"column":26}},"25":{"start":{"line":52,"column":2},"end":{"line":67,"column":4}},"26":{"start":{"line":72,"column":15},"end":{"line":77,"column":2}}},"fnMap":{"0":{"name":"(anonymous_0)","decl":{"start":{"line":13,"column":18},"end":{"line":13,"column":19}},"loc":{"start":{"line":13,"column":24},"end":{"line":68,"column":1}},"line":13},"1":{"name":"(anonymous_1)","decl":{"start":{"line":14,"column":38},"end":{"line":14,"column":39}},"loc":{"start":{"line":14,"column":47},"end":{"line":14,"column":64}},"line":14},"2":{"name":"(anonymous_2)","decl":{"start":{"line":26,"column":13},"end":{"line":26,"column":14}},"loc":{"start":{"line":26,"column":19},"end":{"line":28,"column":4}},"line":26},"3":{"name":"(anonymous_3)","decl":{"start":{"line":31,"column":4},"end":{"line":31,"column":5}},"loc":{"start":{"line":32,"column":6},"end":{"line":36,"column":8}},"line":32},"4":{"name":"(anonymous_4)","decl":{"start":{"line":32,"column":45},"end":{"line":32,"column":46}},"loc":{"start":{"line":32,"column":52},"end":{"line":36,"column":7}},"line":32},"5":{"name":"(anonymous_5)","decl":{"start":{"line":41,"column":24},"end":{"line":41,"column":25}},"loc":{"start":{"line":41,"column":30},"end":{"line":46,"column":3}},"line":41},"6":{"name":"(anonymous_6)","decl":{"start":{"line":45,"column":12},"end":{"line":45,"column":13}},"loc":{"start":{"line":45,"column":18},"end":{"line":45,"column":53}},"line":45},"7":{"name":"(anonymous_7)","decl":{"start":{"line":48,"column":20},"end":{"line":48,"column":21}},"loc":{"start":{"line":48,"column":26},"end":{"line":50,"column":3}},"line":48}},"branchMap":{"0":{"loc":{"start":{"line":14,"column":9},"end":{"line":14,"column":22}},"type":"default-arg","locations":[{"start":{"line":14,"column":20},"end":{"line":14,"column":22}}],"line":14},"1":{"loc":{"start":{"line":15,"column":9},"end":{"line":15,"column":22}},"type":"default-arg","locations":[{"start":{"line":15,"column":20},"end":{"line":15,"column":22}}],"line":15},"2":{"loc":{"start":{"line":15,"column":26},"end":{"line":15,"column":40}},"type":"binary-expr","locations":[{"start":{"line":15,"column":26},"end":{"line":15,"column":34}},{"start":{"line":15,"column":38},"end":{"line":15,"column":40}}],"line":15},"3":{"loc":{"start":{"line":20,"column":17},"end":{"line":20,"column":31}},"type":"binary-expr","locations":[{"start":{"line":20,"column":17},"end":{"line":20,"column":25}},{"start":{"line":20,"column":29},"end":{"line":20,"column":31}}],"line":20},"4":{"loc":{"start":{"line":21,"column":10},"end":{"line":21,"column":20}},"type":"default-arg","locations":[{"start":{"line":21,"column":18},"end":{"line":21,"column":20}}],"line":21},"5":{"loc":{"start":{"line":21,"column":24},"end":{"line":21,"column":34}},"type":"binary-expr","locations":[{"start":{"line":21,"column":24},"end":{"line":21,"column":28}},{"start":{"line":21,"column":32},"end":{"line":21,"column":34}}],"line":21},"6":{"loc":{"start":{"line":33,"column":8},"end":{"line":33,"column":28}},"type":"if","locations":[{"start":{"line":33,"column":8},"end":{"line":33,"column":28}},{"start":{},"end":{}}],"line":33}},"s":{"0":0,"1":0,"2":0,"3":0,"4":0,"5":0,"6":0,"7":0,"8":0,"9":0,"10":0,"11":0,"12":0,"13":0,"14":0,"15":0,"16":0,"17":0,"18":0,"19":0,"20":0,"21":0,"22":0,"23":0,"24":0,"25":0,"26":0},"f":{"0":0,"1":0,"2":0,"3":0,"4":0,"5":0,"6":0,"7":0},"b":{"0":[0],"1":[0],"2":[0,0],"3":[0,0],"4":[0],"5":[0,0],"6":[0,0]}}
,"/Users/aghiadmonier/Desktop/RNMultiCountry/MultiCountryReg/src/features/prelogin/screens/Login.tsx": {"path":"/Users/aghiadmonier/Desktop/RNMultiCountry/MultiCountryReg/src/features/prelogin/screens/Login.tsx","statementMap":{"0":{"start":{"line":24,"column":14},"end":{"line":119,"column":1}},"1":{"start":{"line":25,"column":34},"end":{"line":31,"column":7}},"2":{"start":{"line":32,"column":42},"end":{"line":32,"column":57}},"3":{"start":{"line":33,"column":42},"end":{"line":33,"column":56}},"4":{"start":{"line":35,"column":14},"end":{"line":35,"column":30}},"5":{"start":{"line":36,"column":20},"end":{"line":36,"column":56}},"6":{"start":{"line":36,"column":41},"end":{"line":36,"column":55}},"7":{"start":{"line":37,"column":45},"end":{"line":37,"column":84}},"8":{"start":{"line":37,"column":66},"end":{"line":37,"column":83}},"9":{"start":{"line":38,"column":37},"end":{"line":38,"column":53}},"10":{"start":{"line":39,"column":4},"end":{"line":39,"column":42}},"11":{"start":{"line":40,"column":19},"end":{"line":40,"column":32}},"12":{"start":{"line":41,"column":21},"end":{"line":41,"column":36}},"13":{"start":{"line":43,"column":24},"end":{"line":46,"column":3}},"14":{"start":{"line":44,"column":4},"end":{"line":44,"column":27}},"15":{"start":{"line":45,"column":4},"end":{"line":45,"column":26}},"16":{"start":{"line":48,"column":2},"end":{"line":53,"column":14}},"17":{"start":{"line":49,"column":4},"end":{"line":52,"column":5}},"18":{"start":{"line":50,"column":6},"end":{"line":50,"column":28}},"19":{"start":{"line":51,"column":6},"end":{"line":51,"column":36}},"20":{"start":{"line":55,"column":2},"end":{"line":59,"column":17}},"21":{"start":{"line":56,"column":4},"end":{"line":58,"column":5}},"22":{"start":{"line":57,"column":6},"end":{"line":57,"column":33}},"23":{"start":{"line":61,"column":2},"end":{"line":67,"column":9}},"24":{"start":{"line":63,"column":4},"end":{"line":63,"column":26}},"25":{"start":{"line":64,"column":4},"end":{"line":66,"column":6}},"26":{"start":{"line":65,"column":6},"end":{"line":65,"column":22}},"27":{"start":{"line":69,"column":18},"end":{"line":74,"column":3}},"28":{"start":{"line":70,"column":4},"end":{"line":70,"column":23}},"29":{"start":{"line":71,"column":4},"end":{"line":71,"column":38}},"30":{"start":{"line":72,"column":34},"end":{"line":72,"column":42}},"31":{"start":{"line":73,"column":4},"end":{"line":73,"column":49}},"32":{"start":{"line":76,"column":20},"end":{"line":77,"column":55}},"33":{"start":{"line":77,"column":4},"end":{"line":77,"column":55}},"34":{"start":{"line":82,"column":6},"end":{"line":86,"column":4}},"35":{"start":{"line":88,"column":22},"end":{"line":90,"column":3}},"36":{"start":{"line":89,"column":4},"end":{"line":89,"column":51}},"37":{"start":{"line":92,"column":22},"end":{"line":94,"column":3}},"38":{"start":{"line":93,"column":4},"end":{"line":93,"column":51}},"39":{"start":{"line":96,"column":2},"end":{"line":118,"column":4}},"40":{"start":{"line":123,"column":15},"end":{"line":148,"column":2}}},"fnMap":{"0":{"name":"(anonymous_0)","decl":{"start":{"line":24,"column":14},"end":{"line":24,"column":15}},"loc":{"start":{"line":24,"column":20},"end":{"line":119,"column":1}},"line":24},"1":{"name":"(anonymous_1)","decl":{"start":{"line":36,"column":32},"end":{"line":36,"column":33}},"loc":{"start":{"line":36,"column":41},"end":{"line":36,"column":55}},"line":36},"2":{"name":"(anonymous_2)","decl":{"start":{"line":37,"column":57},"end":{"line":37,"column":58}},"loc":{"start":{"line":37,"column":66},"end":{"line":37,"column":83}},"line":37},"3":{"name":"(anonymous_3)","decl":{"start":{"line":43,"column":24},"end":{"line":43,"column":25}},"loc":{"start":{"line":43,"column":30},"end":{"line":46,"column":3}},"line":43},"4":{"name":"(anonymous_4)","decl":{"start":{"line":48,"column":12},"end":{"line":48,"column":13}},"loc":{"start":{"line":48,"column":18},"end":{"line":53,"column":3}},"line":48},"5":{"name":"(anonymous_5)","decl":{"start":{"line":55,"column":12},"end":{"line":55,"column":13}},"loc":{"start":{"line":55,"column":18},"end":{"line":59,"column":3}},"line":55},"6":{"name":"(anonymous_6)","decl":{"start":{"line":61,"column":12},"end":{"line":61,"column":13}},"loc":{"start":{"line":61,"column":18},"end":{"line":67,"column":3}},"line":61},"7":{"name":"(anonymous_7)","decl":{"start":{"line":64,"column":11},"end":{"line":64,"column":12}},"loc":{"start":{"line":64,"column":17},"end":{"line":66,"column":5}},"line":64},"8":{"name":"(anonymous_8)","decl":{"start":{"line":69,"column":18},"end":{"line":69,"column":19}},"loc":{"start":{"line":69,"column":24},"end":{"line":74,"column":3}},"line":69},"9":{"name":"(anonymous_9)","decl":{"start":{"line":76,"column":20},"end":{"line":76,"column":21}},"loc":{"start":{"line":77,"column":4},"end":{"line":77,"column":55}},"line":77},"10":{"name":"(anonymous_10)","decl":{"start":{"line":88,"column":22},"end":{"line":88,"column":23}},"loc":{"start":{"line":88,"column":45},"end":{"line":90,"column":3}},"line":88},"11":{"name":"(anonymous_11)","decl":{"start":{"line":92,"column":22},"end":{"line":92,"column":23}},"loc":{"start":{"line":92,"column":45},"end":{"line":94,"column":3}},"line":92}},"branchMap":{"0":{"loc":{"start":{"line":37,"column":20},"end":{"line":37,"column":41}},"type":"default-arg","locations":[{"start":{"line":37,"column":39},"end":{"line":37,"column":41}}],"line":37},"1":{"loc":{"start":{"line":49,"column":4},"end":{"line":52,"column":5}},"type":"if","locations":[{"start":{"line":49,"column":4},"end":{"line":52,"column":5}},{"start":{},"end":{}}],"line":49},"2":{"loc":{"start":{"line":56,"column":4},"end":{"line":58,"column":5}},"type":"if","locations":[{"start":{"line":56,"column":4},"end":{"line":58,"column":5}},{"start":{},"end":{}}],"line":56}},"s":{"0":1,"1":4,"2":4,"3":4,"4":4,"5":4,"6":4,"7":4,"8":4,"9":4,"10":4,"11":4,"12":4,"13":4,"14":2,"15":2,"16":4,"17":2,"18":0,"19":0,"20":4,"21":2,"22":0,"23":4,"24":2,"25":2,"26":2,"27":4,"28":0,"29":0,"30":0,"31":0,"32":4,"33":4,"34":4,"35":4,"36":1,"37":4,"38":1,"39":4,"40":1},"f":{"0":4,"1":4,"2":4,"3":2,"4":2,"5":2,"6":2,"7":2,"8":0,"9":4,"10":1,"11":1},"b":{"0":[4],"1":[0,2],"2":[0,2]},"_coverageSchema":"1a1c01bbd47fc00a2c39e90264f33305004495a9","hash":"aa128cf0d6d733e17142f33594027c594b80196a"}
,"/Users/aghiadmonier/Desktop/RNMultiCountry/MultiCountryReg/src/features/prelogin/screens/Registration.tsx": {"path":"/Users/aghiadmonier/Desktop/RNMultiCountry/MultiCountryReg/src/features/prelogin/screens/Registration.tsx","statementMap":{"0":{"start":{"line":23,"column":21},"end":{"line":138,"column":1}},"1":{"start":{"line":24,"column":34},"end":{"line":30,"column":7}},"2":{"start":{"line":31,"column":42},"end":{"line":31,"column":57}},"3":{"start":{"line":32,"column":42},"end":{"line":32,"column":56}},"4":{"start":{"line":34,"column":14},"end":{"line":34,"column":30}},"5":{"start":{"line":35,"column":20},"end":{"line":35,"column":56}},"6":{"start":{"line":35,"column":41},"end":{"line":35,"column":55}},"7":{"start":{"line":36,"column":37},"end":{"line":36,"column":76}},"8":{"start":{"line":36,"column":58},"end":{"line":36,"column":75}},"9":{"start":{"line":37,"column":19},"end":{"line":37,"column":32}},"10":{"start":{"line":38,"column":21},"end":{"line":38,"column":36}},"11":{"start":{"line":40,"column":24},"end":{"line":44,"column":3}},"12":{"start":{"line":41,"column":4},"end":{"line":41,"column":27}},"13":{"start":{"line":42,"column":4},"end":{"line":42,"column":26}},"14":{"start":{"line":43,"column":4},"end":{"line":43,"column":43}},"15":{"start":{"line":46,"column":28},"end":{"line":48,"column":3}},"16":{"start":{"line":47,"column":4},"end":{"line":47,"column":40}},"17":{"start":{"line":50,"column":2},"end":{"line":55,"column":14}},"18":{"start":{"line":51,"column":4},"end":{"line":54,"column":5}},"19":{"start":{"line":52,"column":6},"end":{"line":52,"column":28}},"20":{"start":{"line":53,"column":6},"end":{"line":53,"column":36}},"21":{"start":{"line":57,"column":2},"end":{"line":63,"column":17}},"22":{"start":{"line":58,"column":4},"end":{"line":62,"column":5}},"23":{"start":{"line":59,"column":6},"end":{"line":59,"column":28}},"24":{"start":{"line":60,"column":6},"end":{"line":60,"column":38}},"25":{"start":{"line":65,"column":2},"end":{"line":70,"column":9}},"26":{"start":{"line":67,"column":4},"end":{"line":69,"column":6}},"27":{"start":{"line":68,"column":6},"end":{"line":68,"column":22}},"28":{"start":{"line":72,"column":22},"end":{"line":74,"column":3}},"29":{"start":{"line":73,"column":4},"end":{"line":73,"column":51}},"30":{"start":{"line":76,"column":22},"end":{"line":78,"column":3}},"31":{"start":{"line":77,"column":4},"end":{"line":77,"column":51}},"32":{"start":{"line":80,"column":18},"end":{"line":92,"column":3}},"33":{"start":{"line":81,"column":4},"end":{"line":81,"column":23}},"34":{"start":{"line":82,"column":4},"end":{"line":82,"column":38}},"35":{"start":{"line":91,"column":4},"end":{"line":91,"column":40}},"36":{"start":{"line":94,"column":20},"end":{"line":95,"column":55}},"37":{"start":{"line":95,"column":4},"end":{"line":95,"column":55}},"38":{"start":{"line":100,"column":6},"end":{"line":104,"column":4}},"39":{"start":{"line":105,"column":1},"end":{"line":105,"column":31}},"40":{"start":{"line":106,"column":2},"end":{"line":137,"column":4}},"41":{"start":{"line":142,"column":15},"end":{"line":167,"column":2}}},"fnMap":{"0":{"name":"(anonymous_0)","decl":{"start":{"line":23,"column":21},"end":{"line":23,"column":22}},"loc":{"start":{"line":23,"column":27},"end":{"line":138,"column":1}},"line":23},"1":{"name":"(anonymous_1)","decl":{"start":{"line":35,"column":32},"end":{"line":35,"column":33}},"loc":{"start":{"line":35,"column":41},"end":{"line":35,"column":55}},"line":35},"2":{"name":"(anonymous_2)","decl":{"start":{"line":36,"column":49},"end":{"line":36,"column":50}},"loc":{"start":{"line":36,"column":58},"end":{"line":36,"column":75}},"line":36},"3":{"name":"(anonymous_3)","decl":{"start":{"line":40,"column":24},"end":{"line":40,"column":25}},"loc":{"start":{"line":40,"column":30},"end":{"line":44,"column":3}},"line":40},"4":{"name":"(anonymous_4)","decl":{"start":{"line":46,"column":28},"end":{"line":46,"column":29}},"loc":{"start":{"line":46,"column":34},"end":{"line":48,"column":3}},"line":46},"5":{"name":"(anonymous_5)","decl":{"start":{"line":50,"column":12},"end":{"line":50,"column":13}},"loc":{"start":{"line":50,"column":18},"end":{"line":55,"column":3}},"line":50},"6":{"name":"(anonymous_6)","decl":{"start":{"line":57,"column":12},"end":{"line":57,"column":13}},"loc":{"start":{"line":57,"column":18},"end":{"line":63,"column":3}},"line":57},"7":{"name":"(anonymous_7)","decl":{"start":{"line":65,"column":12},"end":{"line":65,"column":13}},"loc":{"start":{"line":65,"column":18},"end":{"line":70,"column":3}},"line":65},"8":{"name":"(anonymous_8)","decl":{"start":{"line":67,"column":11},"end":{"line":67,"column":12}},"loc":{"start":{"line":67,"column":17},"end":{"line":69,"column":5}},"line":67},"9":{"name":"(anonymous_9)","decl":{"start":{"line":72,"column":22},"end":{"line":72,"column":23}},"loc":{"start":{"line":72,"column":45},"end":{"line":74,"column":3}},"line":72},"10":{"name":"(anonymous_10)","decl":{"start":{"line":76,"column":22},"end":{"line":76,"column":23}},"loc":{"start":{"line":76,"column":45},"end":{"line":78,"column":3}},"line":76},"11":{"name":"(anonymous_11)","decl":{"start":{"line":80,"column":18},"end":{"line":80,"column":19}},"loc":{"start":{"line":80,"column":24},"end":{"line":92,"column":3}},"line":80},"12":{"name":"(anonymous_12)","decl":{"start":{"line":94,"column":20},"end":{"line":94,"column":21}},"loc":{"start":{"line":95,"column":4},"end":{"line":95,"column":55}},"line":95}},"branchMap":{"0":{"loc":{"start":{"line":51,"column":4},"end":{"line":54,"column":5}},"type":"if","locations":[{"start":{"line":51,"column":4},"end":{"line":54,"column":5}},{"start":{},"end":{}}],"line":51},"1":{"loc":{"start":{"line":58,"column":4},"end":{"line":62,"column":5}},"type":"if","locations":[{"start":{"line":58,"column":4},"end":{"line":62,"column":5}},{"start":{},"end":{}}],"line":58}},"s":{"0":0,"1":0,"2":0,"3":0,"4":0,"5":0,"6":0,"7":0,"8":0,"9":0,"10":0,"11":0,"12":0,"13":0,"14":0,"15":0,"16":0,"17":0,"18":0,"19":0,"20":0,"21":0,"22":0,"23":0,"24":0,"25":0,"26":0,"27":0,"28":0,"29":0,"30":0,"31":0,"32":0,"33":0,"34":0,"35":0,"36":0,"37":0,"38":0,"39":0,"40":0,"41":0},"f":{"0":0,"1":0,"2":0,"3":0,"4":0,"5":0,"6":0,"7":0,"8":0,"9":0,"10":0,"11":0,"12":0},"b":{"0":[0,0],"1":[0,0]}}
,"/Users/aghiadmonier/Desktop/RNMultiCountry/MultiCountryReg/src/features/prelogin/screens/Welcome.tsx": {"path":"/Users/aghiadmonier/Desktop/RNMultiCountry/MultiCountryReg/src/features/prelogin/screens/Welcome.tsx","statementMap":{"0":{"start":{"line":19,"column":22},"end":{"line":85,"column":1}},"1":{"start":{"line":20,"column":40},"end":{"line":20,"column":70}},"2":{"start":{"line":21,"column":34},"end":{"line":21,"column":64}},"3":{"start":{"line":22,"column":44},"end":{"line":22,"column":65}},"4":{"start":{"line":23,"column":30},"end":{"line":23,"column":46}},"5":{"start":{"line":24,"column":26},"end":{"line":24,"column":62}},"6":{"start":{"line":24,"column":47},"end":{"line":24,"column":61}},"7":{"start":{"line":25,"column":21},"end":{"line":25,"column":36}},"8":{"start":{"line":26,"column":19},"end":{"line":26,"column":32}},"9":{"start":{"line":28,"column":2},"end":{"line":30,"column":17}},"10":{"start":{"line":29,"column":4},"end":{"line":29,"column":29}},"11":{"start":{"line":32,"column":24},"end":{"line":35,"column":3}},"12":{"start":{"line":33,"column":4},"end":{"line":33,"column":28}},"13":{"start":{"line":34,"column":4},"end":{"line":34,"column":77}},"14":{"start":{"line":37,"column":2},"end":{"line":39,"column":16}},"15":{"start":{"line":38,"column":4},"end":{"line":38,"column":28}},"16":{"start":{"line":41,"column":2},"end":{"line":43,"column":13}},"17":{"start":{"line":42,"column":4},"end":{"line":42,"column":22}},"18":{"start":{"line":45,"column":18},"end":{"line":51,"column":3}},"19":{"start":{"line":46,"column":4},"end":{"line":49,"column":7}},"20":{"start":{"line":50,"column":4},"end":{"line":50,"column":47}},"21":{"start":{"line":53,"column":2},"end":{"line":84,"column":4}},"22":{"start":{"line":62,"column":50},"end":{"line":62,"column":68}},"23":{"start":{"line":89,"column":15},"end":{"line":119,"column":2}}},"fnMap":{"0":{"name":"(anonymous_0)","decl":{"start":{"line":19,"column":22},"end":{"line":19,"column":23}},"loc":{"start":{"line":19,"column":28},"end":{"line":85,"column":1}},"line":19},"1":{"name":"(anonymous_1)","decl":{"start":{"line":24,"column":38},"end":{"line":24,"column":39}},"loc":{"start":{"line":24,"column":47},"end":{"line":24,"column":61}},"line":24},"2":{"name":"(anonymous_2)","decl":{"start":{"line":28,"column":12},"end":{"line":28,"column":13}},"loc":{"start":{"line":28,"column":18},"end":{"line":30,"column":3}},"line":28},"3":{"name":"(anonymous_3)","decl":{"start":{"line":32,"column":24},"end":{"line":32,"column":25}},"loc":{"start":{"line":32,"column":50},"end":{"line":35,"column":3}},"line":32},"4":{"name":"(anonymous_4)","decl":{"start":{"line":37,"column":12},"end":{"line":37,"column":13}},"loc":{"start":{"line":37,"column":18},"end":{"line":39,"column":3}},"line":37},"5":{"name":"(anonymous_5)","decl":{"start":{"line":41,"column":12},"end":{"line":41,"column":13}},"loc":{"start":{"line":41,"column":18},"end":{"line":43,"column":3}},"line":41},"6":{"name":"(anonymous_6)","decl":{"start":{"line":45,"column":18},"end":{"line":45,"column":19}},"loc":{"start":{"line":45,"column":24},"end":{"line":51,"column":3}},"line":45},"7":{"name":"(anonymous_7)","decl":{"start":{"line":62,"column":28},"end":{"line":62,"column":29}},"loc":{"start":{"line":62,"column":50},"end":{"line":62,"column":68}},"line":62}},"branchMap":{},"s":{"0":0,"1":0,"2":0,"3":0,"4":0,"5":0,"6":0,"7":0,"8":0,"9":0,"10":0,"11":0,"12":0,"13":0,"14":0,"15":0,"16":0,"17":0,"18":0,"19":0,"20":0,"21":0,"22":0,"23":0},"f":{"0":0,"1":0,"2":0,"3":0,"4":0,"5":0,"6":0,"7":0},"b":{}}
,"/Users/aghiadmonier/Desktop/RNMultiCountry/MultiCountryReg/src/features/prelogin/store/actions.ts": {"path":"/Users/aghiadmonier/Desktop/RNMultiCountry/MultiCountryReg/src/features/prelogin/store/actions.ts","statementMap":{"0":{"start":{"line":1,"column":31},"end":{"line":1,"column":48}},"1":{"start":{"line":2,"column":39},"end":{"line":2,"column":64}},"2":{"start":{"line":3,"column":37},"end":{"line":3,"column":60}},"3":{"start":{"line":4,"column":37},"end":{"line":4,"column":60}},"4":{"start":{"line":6,"column":31},"end":{"line":6,"column":48}},"5":{"start":{"line":7,"column":39},"end":{"line":7,"column":64}},"6":{"start":{"line":8,"column":37},"end":{"line":8,"column":60}},"7":{"start":{"line":9,"column":37},"end":{"line":9,"column":60}},"8":{"start":{"line":12,"column":29},"end":{"line":14,"column":2}},"9":{"start":{"line":12,"column":36},"end":{"line":14,"column":1}},"10":{"start":{"line":16,"column":36},"end":{"line":19,"column":2}},"11":{"start":{"line":16,"column":55},"end":{"line":19,"column":1}},"12":{"start":{"line":21,"column":34},"end":{"line":24,"column":2}},"13":{"start":{"line":21,"column":53},"end":{"line":24,"column":1}},"14":{"start":{"line":26,"column":34},"end":{"line":28,"column":2}},"15":{"start":{"line":26,"column":41},"end":{"line":28,"column":1}},"16":{"start":{"line":31,"column":29},"end":{"line":33,"column":2}},"17":{"start":{"line":31,"column":36},"end":{"line":33,"column":1}},"18":{"start":{"line":35,"column":36},"end":{"line":38,"column":2}},"19":{"start":{"line":35,"column":55},"end":{"line":38,"column":1}},"20":{"start":{"line":40,"column":34},"end":{"line":43,"column":2}},"21":{"start":{"line":40,"column":53},"end":{"line":43,"column":1}},"22":{"start":{"line":45,"column":34},"end":{"line":47,"column":2}},"23":{"start":{"line":45,"column":41},"end":{"line":47,"column":1}}},"fnMap":{"0":{"name":"(anonymous_0)","decl":{"start":{"line":12,"column":29},"end":{"line":12,"column":30}},"loc":{"start":{"line":12,"column":36},"end":{"line":14,"column":1}},"line":12},"1":{"name":"(anonymous_1)","decl":{"start":{"line":16,"column":36},"end":{"line":16,"column":37}},"loc":{"start":{"line":16,"column":55},"end":{"line":19,"column":1}},"line":16},"2":{"name":"(anonymous_2)","decl":{"start":{"line":21,"column":34},"end":{"line":21,"column":35}},"loc":{"start":{"line":21,"column":53},"end":{"line":24,"column":1}},"line":21},"3":{"name":"(anonymous_3)","decl":{"start":{"line":26,"column":34},"end":{"line":26,"column":35}},"loc":{"start":{"line":26,"column":41},"end":{"line":28,"column":1}},"line":26},"4":{"name":"(anonymous_4)","decl":{"start":{"line":31,"column":29},"end":{"line":31,"column":30}},"loc":{"start":{"line":31,"column":36},"end":{"line":33,"column":1}},"line":31},"5":{"name":"(anonymous_5)","decl":{"start":{"line":35,"column":36},"end":{"line":35,"column":37}},"loc":{"start":{"line":35,"column":55},"end":{"line":38,"column":1}},"line":35},"6":{"name":"(anonymous_6)","decl":{"start":{"line":40,"column":34},"end":{"line":40,"column":35}},"loc":{"start":{"line":40,"column":53},"end":{"line":43,"column":1}},"line":40},"7":{"name":"(anonymous_7)","decl":{"start":{"line":45,"column":34},"end":{"line":45,"column":35}},"loc":{"start":{"line":45,"column":41},"end":{"line":47,"column":1}},"line":45}},"branchMap":{},"s":{"0":1,"1":1,"2":1,"3":1,"4":1,"5":1,"6":1,"7":1,"8":1,"9":0,"10":1,"11":0,"12":1,"13":0,"14":1,"15":0,"16":1,"17":0,"18":1,"19":0,"20":1,"21":0,"22":1,"23":0},"f":{"0":0,"1":0,"2":0,"3":0,"4":0,"5":0,"6":0,"7":0},"b":{},"_coverageSchema":"1a1c01bbd47fc00a2c39e90264f33305004495a9","hash":"f41b335bb616c751d9a6c2e5d5658e56979aff28"}
,"/Users/aghiadmonier/Desktop/RNMultiCountry/MultiCountryReg/src/features/prelogin/store/reducer.ts": {"path":"/Users/aghiadmonier/Desktop/RNMultiCountry/MultiCountryReg/src/features/prelogin/store/reducer.ts","statementMap":{"0":{"start":{"line":3,"column":28},"end":{"line":12,"column":1}},"1":{"start":{"line":15,"column":2},"end":{"line":40,"column":3}},"2":{"start":{"line":17,"column":6},"end":{"line":17,"column":39}},"3":{"start":{"line":19,"column":6},"end":{"line":19,"column":66}},"4":{"start":{"line":21,"column":6},"end":{"line":21,"column":63}},"5":{"start":{"line":23,"column":6},"end":{"line":23,"column":26}},"6":{"start":{"line":25,"column":6},"end":{"line":25,"column":70}},"7":{"start":{"line":27,"column":6},"end":{"line":30,"column":8}},"8":{"start":{"line":32,"column":6},"end":{"line":35,"column":8}},"9":{"start":{"line":37,"column":6},"end":{"line":37,"column":25}},"10":{"start":{"line":39,"column":6},"end":{"line":39,"column":19}}},"fnMap":{"0":{"name":"(anonymous_0)","decl":{"start":{"line":14,"column":15},"end":{"line":14,"column":16}},"loc":{"start":{"line":14,"column":60},"end":{"line":41,"column":1}},"line":14}},"branchMap":{"0":{"loc":{"start":{"line":14,"column":25},"end":{"line":14,"column":45}},"type":"default-arg","locations":[{"start":{"line":14,"column":33},"end":{"line":14,"column":45}}],"line":14},"1":{"loc":{"start":{"line":15,"column":2},"end":{"line":40,"column":3}},"type":"switch","locations":[{"start":{"line":16,"column":4},"end":{"line":17,"column":39}},{"start":{"line":18,"column":4},"end":{"line":19,"column":66}},{"start":{"line":20,"column":4},"end":{"line":21,"column":63}},{"start":{"line":22,"column":4},"end":{"line":23,"column":26}},{"start":{"line":24,"column":4},"end":{"line":25,"column":70}},{"start":{"line":26,"column":4},"end":{"line":30,"column":8}},{"start":{"line":31,"column":4},"end":{"line":35,"column":8}},{"start":{"line":36,"column":4},"end":{"line":37,"column":25}},{"start":{"line":38,"column":4},"end":{"line":39,"column":19}}],"line":15}},"s":{"0":1,"1":5,"2":0,"3":0,"4":0,"5":0,"6":0,"7":0,"8":0,"9":0,"10":5},"f":{"0":5},"b":{"0":[3],"1":[0,0,0,0,0,0,0,0,5]},"_coverageSchema":"1a1c01bbd47fc00a2c39e90264f33305004495a9","hash":"2f371b4669cebb47b9fa8437c9c7354af0bd28d2"}
,"/Users/aghiadmonier/Desktop/RNMultiCountry/MultiCountryReg/src/features/prelogin/utils/index.tsx": {"path":"/Users/aghiadmonier/Desktop/RNMultiCountry/MultiCountryReg/src/features/prelogin/utils/index.tsx","statementMap":{"0":{"start":{"line":4,"column":23},"end":{"line":10,"column":1}},"1":{"start":{"line":5,"column":2},"end":{"line":8,"column":5}},"2":{"start":{"line":9,"column":2},"end":{"line":9,"column":45}}},"fnMap":{"0":{"name":"(anonymous_0)","decl":{"start":{"line":4,"column":23},"end":{"line":4,"column":24}},"loc":{"start":{"line":4,"column":62},"end":{"line":10,"column":1}},"line":4}},"branchMap":{},"s":{"0":0,"1":0,"2":0},"f":{"0":0},"b":{}}
,"/Users/aghiadmonier/Desktop/RNMultiCountry/MultiCountryReg/src/features/prepare/Prepare.tsx": {"path":"/Users/aghiadmonier/Desktop/RNMultiCountry/MultiCountryReg/src/features/prepare/Prepare.tsx","statementMap":{"0":{"start":{"line":10,"column":16},"end":{"line":56,"column":1}},"1":{"start":{"line":11,"column":19},"end":{"line":11,"column":32}},"2":{"start":{"line":12,"column":20},"end":{"line":12,"column":56}},"3":{"start":{"line":12,"column":41},"end":{"line":12,"column":55}},"4":{"start":{"line":15,"column":24},"end":{"line":34,"column":3}},"5":{"start":{"line":16,"column":23},"end":{"line":16,"column":55}},"6":{"start":{"line":17,"column":4},"end":{"line":33,"column":5}},"7":{"start":{"line":18,"column":6},"end":{"line":23,"column":8}},"8":{"start":{"line":25,"column":30},"end":{"line":25,"column":40}},"9":{"start":{"line":26,"column":6},"end":{"line":32,"column":8}},"10":{"start":{"line":36,"column":46},"end":{"line":41,"column":3}},"11":{"start":{"line":37,"column":19},"end":{"line":37,"column":42}},"12":{"start":{"line":38,"column":4},"end":{"line":40,"column":5}},"13":{"start":{"line":39,"column":6},"end":{"line":39,"column":36}},"14":{"start":{"line":43,"column":2},"end":{"line":49,"column":9}},"15":{"start":{"line":47,"column":4},"end":{"line":47,"column":20}},"16":{"start":{"line":48,"column":4},"end":{"line":48,"column":41}},"17":{"start":{"line":51,"column":2},"end":{"line":55,"column":4}}},"fnMap":{"0":{"name":"(anonymous_0)","decl":{"start":{"line":10,"column":16},"end":{"line":10,"column":17}},"loc":{"start":{"line":10,"column":37},"end":{"line":56,"column":1}},"line":10},"1":{"name":"(anonymous_1)","decl":{"start":{"line":12,"column":32},"end":{"line":12,"column":33}},"loc":{"start":{"line":12,"column":41},"end":{"line":12,"column":55}},"line":12},"2":{"name":"(anonymous_2)","decl":{"start":{"line":15,"column":24},"end":{"line":15,"column":25}},"loc":{"start":{"line":15,"column":36},"end":{"line":34,"column":3}},"line":15},"3":{"name":"(anonymous_3)","decl":{"start":{"line":36,"column":46},"end":{"line":36,"column":47}},"loc":{"start":{"line":36,"column":52},"end":{"line":41,"column":3}},"line":36},"4":{"name":"(anonymous_4)","decl":{"start":{"line":43,"column":12},"end":{"line":43,"column":13}},"loc":{"start":{"line":43,"column":18},"end":{"line":49,"column":3}},"line":43}},"branchMap":{"0":{"loc":{"start":{"line":17,"column":4},"end":{"line":33,"column":5}},"type":"if","locations":[{"start":{"line":17,"column":4},"end":{"line":33,"column":5}},{"start":{"line":24,"column":11},"end":{"line":33,"column":5}}],"line":17},"1":{"loc":{"start":{"line":38,"column":4},"end":{"line":40,"column":5}},"type":"if","locations":[{"start":{"line":38,"column":4},"end":{"line":40,"column":5}},{"start":{},"end":{}}],"line":38}},"s":{"0":0,"1":0,"2":0,"3":0,"4":0,"5":0,"6":0,"7":0,"8":0,"9":0,"10":0,"11":0,"12":0,"13":0,"14":0,"15":0,"16":0,"17":0},"f":{"0":0,"1":0,"2":0,"3":0,"4":0},"b":{"0":[0,0],"1":[0,0]}}
,"/Users/aghiadmonier/Desktop/RNMultiCountry/MultiCountryReg/src/features/prepare/actions.ts": {"path":"/Users/aghiadmonier/Desktop/RNMultiCountry/MultiCountryReg/src/features/prepare/actions.ts","statementMap":{"0":{"start":{"line":1,"column":31},"end":{"line":1,"column":48}},"1":{"start":{"line":2,"column":30},"end":{"line":2,"column":46}},"2":{"start":{"line":3,"column":35},"end":{"line":3,"column":57}},"3":{"start":{"line":5,"column":26},"end":{"line":8,"column":2}},"4":{"start":{"line":5,"column":45},"end":{"line":8,"column":1}},"5":{"start":{"line":10,"column":27},"end":{"line":13,"column":2}},"6":{"start":{"line":10,"column":46},"end":{"line":13,"column":1}},"7":{"start":{"line":15,"column":34},"end":{"line":18,"column":2}},"8":{"start":{"line":15,"column":53},"end":{"line":18,"column":1}}},"fnMap":{"0":{"name":"(anonymous_0)","decl":{"start":{"line":5,"column":26},"end":{"line":5,"column":27}},"loc":{"start":{"line":5,"column":45},"end":{"line":8,"column":1}},"line":5},"1":{"name":"(anonymous_1)","decl":{"start":{"line":10,"column":27},"end":{"line":10,"column":28}},"loc":{"start":{"line":10,"column":46},"end":{"line":13,"column":1}},"line":10},"2":{"name":"(anonymous_2)","decl":{"start":{"line":15,"column":34},"end":{"line":15,"column":35}},"loc":{"start":{"line":15,"column":53},"end":{"line":18,"column":1}},"line":15}},"branchMap":{},"s":{"0":1,"1":1,"2":1,"3":1,"4":0,"5":1,"6":0,"7":1,"8":0},"f":{"0":0,"1":0,"2":0},"b":{},"_coverageSchema":"1a1c01bbd47fc00a2c39e90264f33305004495a9","hash":"3b03c88b0a9f43fba33e63a23cf8c236d3dc2e5c"}
,"/Users/aghiadmonier/Desktop/RNMultiCountry/MultiCountryReg/src/features/prepare/store.ts": {"path":"/Users/aghiadmonier/Desktop/RNMultiCountry/MultiCountryReg/src/features/prepare/store.ts","statementMap":{"0":{"start":{"line":3,"column":28},"end":{"line":7,"column":1}},"1":{"start":{"line":10,"column":2},"end":{"line":19,"column":3}},"2":{"start":{"line":12,"column":6},"end":{"line":12,"column":43}},"3":{"start":{"line":14,"column":6},"end":{"line":14,"column":43}},"4":{"start":{"line":16,"column":6},"end":{"line":16,"column":43}},"5":{"start":{"line":18,"column":6},"end":{"line":18,"column":19}}},"fnMap":{"0":{"name":"(anonymous_0)","decl":{"start":{"line":9,"column":15},"end":{"line":9,"column":16}},"loc":{"start":{"line":9,"column":60},"end":{"line":20,"column":1}},"line":9}},"branchMap":{"0":{"loc":{"start":{"line":9,"column":25},"end":{"line":9,"column":45}},"type":"default-arg","locations":[{"start":{"line":9,"column":33},"end":{"line":9,"column":45}}],"line":9},"1":{"loc":{"start":{"line":10,"column":2},"end":{"line":19,"column":3}},"type":"switch","locations":[{"start":{"line":11,"column":4},"end":{"line":12,"column":43}},{"start":{"line":13,"column":4},"end":{"line":14,"column":43}},{"start":{"line":15,"column":4},"end":{"line":16,"column":43}},{"start":{"line":17,"column":4},"end":{"line":18,"column":19}}],"line":10}},"s":{"0":1,"1":5,"2":0,"3":0,"4":0,"5":5},"f":{"0":5},"b":{"0":[3],"1":[0,0,0,5]},"_coverageSchema":"1a1c01bbd47fc00a2c39e90264f33305004495a9","hash":"32b715ec45981bd9c17d418f8f6db3cde2e6a502"}
,"/Users/aghiadmonier/Desktop/RNMultiCountry/MultiCountryReg/src/features/uiview/Auth.tsx": {"path":"/Users/aghiadmonier/Desktop/RNMultiCountry/MultiCountryReg/src/features/uiview/Auth.tsx","statementMap":{"0":{"start":{"line":6,"column":17},"end":{"line":68,"column":1}},"1":{"start":{"line":15,"column":6},"end":{"line":15,"column":11}},"2":{"start":{"line":16,"column":34},"end":{"line":16,"column":46}},"3":{"start":{"line":17,"column":34},"end":{"line":17,"column":46}},"4":{"start":{"line":19,"column":14},"end":{"line":19,"column":30}},"5":{"start":{"line":21,"column":28},"end":{"line":24,"column":3}},"6":{"start":{"line":22,"column":4},"end":{"line":22,"column":21}},"7":{"start":{"line":23,"column":4},"end":{"line":23,"column":21}},"8":{"start":{"line":26,"column":31},"end":{"line":29,"column":3}},"9":{"start":{"line":27,"column":4},"end":{"line":27,"column":21}},"10":{"start":{"line":28,"column":4},"end":{"line":28,"column":21}},"11":{"start":{"line":31,"column":2},"end":{"line":35,"column":8}},"12":{"start":{"line":32,"column":6},"end":{"line":34,"column":7}},"13":{"start":{"line":33,"column":10},"end":{"line":33,"column":32}},"14":{"start":{"line":37,"column":2},"end":{"line":67,"column":4}}},"fnMap":{"0":{"name":"(anonymous_0)","decl":{"start":{"line":6,"column":17},"end":{"line":6,"column":18}},"loc":{"start":{"line":6,"column":33},"end":{"line":68,"column":1}},"line":6},"1":{"name":"(anonymous_1)","decl":{"start":{"line":21,"column":28},"end":{"line":21,"column":29}},"loc":{"start":{"line":21,"column":45},"end":{"line":24,"column":3}},"line":21},"2":{"name":"(anonymous_2)","decl":{"start":{"line":26,"column":31},"end":{"line":26,"column":32}},"loc":{"start":{"line":26,"column":48},"end":{"line":29,"column":3}},"line":26},"3":{"name":"(anonymous_3)","decl":{"start":{"line":31,"column":12},"end":{"line":31,"column":13}},"loc":{"start":{"line":31,"column":18},"end":{"line":35,"column":3}},"line":31},"4":{"name":"(anonymous_4)","decl":{"start":{"line":32,"column":13},"end":{"line":32,"column":14}},"loc":{"start":{"line":32,"column":19},"end":{"line":34,"column":7}},"line":32}},"branchMap":{"0":{"loc":{"start":{"line":59,"column":7},"end":{"line":65,"column":7}},"type":"binary-expr","locations":[{"start":{"line":59,"column":7},"end":{"line":59,"column":19}},{"start":{"line":60,"column":8},"end":{"line":64,"column":10}}],"line":59}},"s":{"0":1,"1":4,"2":4,"3":4,"4":4,"5":4,"6":1,"7":1,"8":4,"9":1,"10":1,"11":4,"12":2,"13":2,"14":4},"f":{"0":4,"1":1,"2":1,"3":2,"4":2},"b":{"0":[4,0]},"_coverageSchema":"1a1c01bbd47fc00a2c39e90264f33305004495a9","hash":"093e544f3181aa9bb2d12e50525cc7c3124bdb05"}
,"/Users/aghiadmonier/Desktop/RNMultiCountry/MultiCountryReg/src/modules/pushNotifications/index.ts": {"path":"/Users/aghiadmonier/Desktop/RNMultiCountry/MultiCountryReg/src/modules/pushNotifications/index.ts","statementMap":{"0":{"start":{"line":4,"column":16},"end":{"line":4,"column":21}},"1":{"start":{"line":5,"column":21},"end":{"line":5,"column":58}},"2":{"start":{"line":7,"column":4},"end":{"line":8,"column":60}},"3":{"start":{"line":9,"column":2},"end":{"line":11,"column":3}},"4":{"start":{"line":10,"column":4},"end":{"line":10,"column":19}},"5":{"start":{"line":13,"column":2},"end":{"line":13,"column":17}},"6":{"start":{"line":18,"column":16},"end":{"line":18,"column":44}},"7":{"start":{"line":19,"column":2},"end":{"line":19,"column":49}},"8":{"start":{"line":20,"column":2},"end":{"line":22,"column":5}},"9":{"start":{"line":21,"column":4},"end":{"line":21,"column":69}}},"fnMap":{"0":{"name":"requestUserPermission","decl":{"start":{"line":3,"column":22},"end":{"line":3,"column":43}},"loc":{"start":{"line":3,"column":46},"end":{"line":14,"column":1}},"line":3},"1":{"name":"registerForPushNotifications","decl":{"start":{"line":16,"column":22},"end":{"line":16,"column":50}},"loc":{"start":{"line":16,"column":53},"end":{"line":23,"column":1}},"line":16},"2":{"name":"(anonymous_2)","decl":{"start":{"line":20,"column":42},"end":{"line":20,"column":43}},"loc":{"start":{"line":20,"column":65},"end":{"line":22,"column":3}},"line":20}},"branchMap":{"0":{"loc":{"start":{"line":7,"column":4},"end":{"line":8,"column":60}},"type":"binary-expr","locations":[{"start":{"line":7,"column":4},"end":{"line":7,"column":59}},{"start":{"line":8,"column":4},"end":{"line":8,"column":60}}],"line":7},"1":{"loc":{"start":{"line":9,"column":2},"end":{"line":11,"column":3}},"type":"if","locations":[{"start":{"line":9,"column":2},"end":{"line":11,"column":3}},{"start":{},"end":{}}],"line":9}},"s":{"0":0,"1":0,"2":0,"3":0,"4":0,"5":0,"6":0,"7":0,"8":0,"9":0},"f":{"0":0,"1":0,"2":0},"b":{"0":[0,0],"1":[0,0]}}
,"/Users/aghiadmonier/Desktop/RNMultiCountry/MultiCountryReg/src/state/index.tsx": {"path":"/Users/aghiadmonier/Desktop/RNMultiCountry/MultiCountryReg/src/state/index.tsx","statementMap":{"0":{"start":{"line":9,"column":22},"end":{"line":13,"column":1}},"1":{"start":{"line":14,"column":25},"end":{"line":14,"column":66}},"2":{"start":{"line":17,"column":21},"end":{"line":17,"column":50}},"3":{"start":{"line":18,"column":25},"end":{"line":18,"column":44}}},"fnMap":{},"branchMap":{},"s":{"0":1,"1":1,"2":1,"3":1},"f":{},"b":{},"_coverageSchema":"1a1c01bbd47fc00a2c39e90264f33305004495a9","hash":"0ae5de6ea9b33b2dca1225dc7b473bf7cee891ba"}
,"/Users/aghiadmonier/Desktop/RNMultiCountry/MultiCountryReg/src/state/reducer.ts": {"path":"/Users/aghiadmonier/Desktop/RNMultiCountry/MultiCountryReg/src/state/reducer.ts","statementMap":{"0":{"start":{"line":5,"column":20},"end":{"line":8,"column":2}},"1":{"start":{"line":10,"column":26},"end":{"line":12,"column":1}},"2":{"start":{"line":11,"column":2},"end":{"line":11,"column":36}}},"fnMap":{"0":{"name":"(anonymous_0)","decl":{"start":{"line":10,"column":26},"end":{"line":10,"column":27}},"loc":{"start":{"line":10,"column":60},"end":{"line":12,"column":1}},"line":10}},"branchMap":{},"s":{"0":1,"1":1,"2":3},"f":{"0":3},"b":{},"_coverageSchema":"1a1c01bbd47fc00a2c39e90264f33305004495a9","hash":"69fc070a9fdbf34f5ba67744960f8682c790f27e"}
,"/Users/aghiadmonier/Desktop/RNMultiCountry/MultiCountryReg/src/test/index.tsx": {"path":"/Users/aghiadmonier/Desktop/RNMultiCountry/MultiCountryReg/src/test/index.tsx","statementMap":{"0":{"start":{"line":21,"column":21},"end":{"line":22,"column":26}},"1":{"start":{"line":22,"column":2},"end":{"line":22,"column":26}},"2":{"start":{"line":31,"column":16},"end":{"line":31,"column":46}},"3":{"start":{"line":32,"column":2},"end":{"line":41,"column":4}},"4":{"start":{"line":45,"column":14},"end":{"line":45,"column":36}},"5":{"start":{"line":46,"column":31},"end":{"line":59,"column":1}},"6":{"start":{"line":47,"column":2},"end":{"line":58,"column":4}},"7":{"start":{"line":54,"column":22},"end":{"line":54,"column":62}}},"fnMap":{"0":{"name":"(anonymous_0)","decl":{"start":{"line":21,"column":21},"end":{"line":21,"column":22}},"loc":{"start":{"line":22,"column":2},"end":{"line":22,"column":26}},"line":22},"1":{"name":"renderWithRedux","decl":{"start":{"line":30,"column":9},"end":{"line":30,"column":24}},"loc":{"start":{"line":30,"column":46},"end":{"line":42,"column":1}},"line":30},"2":{"name":"(anonymous_2)","decl":{"start":{"line":46,"column":31},"end":{"line":46,"column":32}},"loc":{"start":{"line":46,"column":96},"end":{"line":59,"column":1}},"line":46},"3":{"name":"(anonymous_3)","decl":{"start":{"line":54,"column":11},"end":{"line":54,"column":12}},"loc":{"start":{"line":54,"column":22},"end":{"line":54,"column":62}},"line":54}},"branchMap":{"0":{"loc":{"start":{"line":46,"column":56},"end":{"line":46,"column":67}},"type":"default-arg","locations":[{"start":{"line":46,"column":65},"end":{"line":46,"column":67}}],"line":46},"1":{"loc":{"start":{"line":46,"column":69},"end":{"line":46,"column":84}},"type":"default-arg","locations":[{"start":{"line":46,"column":82},"end":{"line":46,"column":84}}],"line":46}},"s":{"0":0,"1":0,"2":0,"3":0,"4":0,"5":0,"6":0,"7":0},"f":{"0":0,"1":0,"2":0,"3":0},"b":{"0":[0],"1":[0]}}
,"/Users/aghiadmonier/Desktop/RNMultiCountry/MultiCountryReg/src/themes/handlers.ts": {"path":"/Users/aghiadmonier/Desktop/RNMultiCountry/MultiCountryReg/src/themes/handlers.ts","statementMap":{"0":{"start":{"line":4,"column":24},"end":{"line":14,"column":1}},"1":{"start":{"line":5,"column":16},"end":{"line":12,"column":3}},"2":{"start":{"line":13,"column":2},"end":{"line":13,"column":15}},"3":{"start":{"line":16,"column":32},"end":{"line":18,"column":1}},"4":{"start":{"line":17,"column":2},"end":{"line":17,"column":35}}},"fnMap":{"0":{"name":"(anonymous_0)","decl":{"start":{"line":4,"column":24},"end":{"line":4,"column":25}},"loc":{"start":{"line":4,"column":41},"end":{"line":14,"column":1}},"line":4},"1":{"name":"(anonymous_1)","decl":{"start":{"line":16,"column":32},"end":{"line":16,"column":33}},"loc":{"start":{"line":16,"column":64},"end":{"line":18,"column":1}},"line":16}},"branchMap":{},"s":{"0":0,"1":0,"2":0,"3":0,"4":0},"f":{"0":0,"1":0},"b":{}}
,"/Users/aghiadmonier/Desktop/RNMultiCountry/MultiCountryReg/src/themes/index.ts": {"path":"/Users/aghiadmonier/Desktop/RNMultiCountry/MultiCountryReg/src/themes/index.ts","statementMap":{},"fnMap":{},"branchMap":{},"s":{},"f":{},"b":{}}
,"/Users/aghiadmonier/Desktop/RNMultiCountry/MultiCountryReg/src/themes/useApplyTheme.ts": {"path":"/Users/aghiadmonier/Desktop/RNMultiCountry/MultiCountryReg/src/themes/useApplyTheme.ts","statementMap":{"0":{"start":{"line":5,"column":28},"end":{"line":8,"column":1}},"1":{"start":{"line":6,"column":24},"end":{"line":6,"column":51}},"2":{"start":{"line":7,"column":2},"end":{"line":7,"column":23}}},"fnMap":{"0":{"name":"(anonymous_0)","decl":{"start":{"line":5,"column":28},"end":{"line":5,"column":29}},"loc":{"start":{"line":5,"column":58},"end":{"line":8,"column":1}},"line":5}},"branchMap":{},"s":{"0":0,"1":0,"2":0},"f":{"0":0},"b":{}}
,"/Users/aghiadmonier/Desktop/RNMultiCountry/MultiCountryReg/src/themes/countries/AE/colors.ts": {"path":"/Users/aghiadmonier/Desktop/RNMultiCountry/MultiCountryReg/src/themes/countries/AE/colors.ts","statementMap":{"0":{"start":{"line":1,"column":23},"end":{"line":1,"column":32}},"1":{"start":{"line":2,"column":25},"end":{"line":2,"column":34}}},"fnMap":{},"branchMap":{},"s":{"0":0,"1":0},"f":{},"b":{}}
,"/Users/aghiadmonier/Desktop/RNMultiCountry/MultiCountryReg/src/themes/countries/AE/index.ts": {"path":"/Users/aghiadmonier/Desktop/RNMultiCountry/MultiCountryReg/src/themes/countries/AE/index.ts","statementMap":{"0":{"start":{"line":4,"column":24},"end":{"line":4,"column":40}}},"fnMap":{},"branchMap":{},"s":{"0":0},"f":{},"b":{}}
,"/Users/aghiadmonier/Desktop/RNMultiCountry/MultiCountryReg/src/themes/countries/EG/colors.ts": {"path":"/Users/aghiadmonier/Desktop/RNMultiCountry/MultiCountryReg/src/themes/countries/EG/colors.ts","statementMap":{"0":{"start":{"line":1,"column":23},"end":{"line":1,"column":32}},"1":{"start":{"line":2,"column":25},"end":{"line":2,"column":34}}},"fnMap":{},"branchMap":{},"s":{"0":0,"1":0},"f":{},"b":{}}
,"/Users/aghiadmonier/Desktop/RNMultiCountry/MultiCountryReg/src/themes/countries/EG/index.ts": {"path":"/Users/aghiadmonier/Desktop/RNMultiCountry/MultiCountryReg/src/themes/countries/EG/index.ts","statementMap":{"0":{"start":{"line":4,"column":24},"end":{"line":4,"column":40}}},"fnMap":{},"branchMap":{},"s":{"0":0},"f":{},"b":{}}
,"/Users/aghiadmonier/Desktop/RNMultiCountry/MultiCountryReg/src/themes/countries/ES/colors.ts": {"path":"/Users/aghiadmonier/Desktop/RNMultiCountry/MultiCountryReg/src/themes/countries/ES/colors.ts","statementMap":{"0":{"start":{"line":1,"column":23},"end":{"line":1,"column":32}},"1":{"start":{"line":2,"column":25},"end":{"line":2,"column":34}}},"fnMap":{},"branchMap":{},"s":{"0":0,"1":0},"f":{},"b":{}}
,"/Users/aghiadmonier/Desktop/RNMultiCountry/MultiCountryReg/src/themes/countries/ES/index.ts": {"path":"/Users/aghiadmonier/Desktop/RNMultiCountry/MultiCountryReg/src/themes/countries/ES/index.ts","statementMap":{"0":{"start":{"line":4,"column":24},"end":{"line":4,"column":40}}},"fnMap":{},"branchMap":{},"s":{"0":0},"f":{},"b":{}}
,"/Users/aghiadmonier/Desktop/RNMultiCountry/MultiCountryReg/src/themes/countries/IN/colors.ts": {"path":"/Users/aghiadmonier/Desktop/RNMultiCountry/MultiCountryReg/src/themes/countries/IN/colors.ts","statementMap":{"0":{"start":{"line":1,"column":23},"end":{"line":1,"column":32}},"1":{"start":{"line":2,"column":25},"end":{"line":2,"column":34}}},"fnMap":{},"branchMap":{},"s":{"0":0,"1":0},"f":{},"b":{}}
,"/Users/aghiadmonier/Desktop/RNMultiCountry/MultiCountryReg/src/themes/countries/IN/index.ts": {"path":"/Users/aghiadmonier/Desktop/RNMultiCountry/MultiCountryReg/src/themes/countries/IN/index.ts","statementMap":{"0":{"start":{"line":4,"column":24},"end":{"line":4,"column":40}}},"fnMap":{},"branchMap":{},"s":{"0":0},"f":{},"b":{}}
}
